TN:
SF:src\utils\currencyUtils.ts
FN:3,fetchExchangeRate
FN:3,(anonymous_8)
FN:43,validateCurrency
FN:48,(anonymous_10)
FN:52,formatCurrency
FNF:5
FNH:5
FNDA:5,fetchExchangeRate
FNDA:5,(anonymous_8)
FNDA:18,validateCurrency
FNDA:19,(anonymous_10)
FNDA:12,formatCurrency
DA:1,1
DA:3,5
DA:5,5
DA:6,1
DA:9,4
DA:10,4
DA:11,3
DA:13,3
DA:15,1
DA:16,2
DA:18,1
DA:21,1
DA:22,1
DA:23,1
DA:26,1
DA:27,1
DA:31,1
DA:36,1
DA:41,1
DA:43,1
DA:44,18
DA:45,4
DA:48,19
DA:49,14
DA:52,1
DA:61,12
DA:63,12
LF:27
LH:27
BRDA:3,0,0,0
BRDA:5,1,0,1
BRDA:13,2,0,1
BRDA:13,2,1,2
BRDA:16,3,0,1
BRDA:16,3,1,1
BRDA:44,4,0,4
BRDA:49,5,0,12
BRDA:49,5,1,2
BRDA:55,6,0,8
BRDA:66,7,0,4
BRDA:66,7,1,8
BRDA:66,8,0,12
BRDA:66,8,1,12
BRDA:67,9,0,4
BRDA:67,9,1,8
BRDA:67,10,0,12
BRDA:67,10,1,12
BRF:18
BRH:17
end_of_record
